{
  "stats": {
    "suites": 1,
    "tests": 1,
    "passes": 1,
    "pending": 0,
    "failures": 0,
    "start": "2022-10-12T03:59:48.390Z",
    "end": "2022-10-12T03:59:53.540Z",
    "duration": 5150,
    "testsRegistered": 1,
    "passPercent": 100,
    "pendingPercent": 0,
    "other": 0,
    "hasOther": false,
    "skipped": 0,
    "hasSkipped": false
  },
  "results": [
    {
      "uuid": "8930749c-4cc4-4048-bad0-670584ae2769",
      "title": "",
      "fullFile": "cypress/integration/drag_drop.spec.cy.js",
      "file": "cypress/integration/drag_drop.spec.cy.js",
      "beforeHooks": [],
      "afterHooks": [],
      "tests": [],
      "suites": [
        {
          "uuid": "56b3b882-39b1-418c-9f29-ce28c1c51527",
          "title": "DragandDropItem Test Case",
          "fullFile": "",
          "file": "",
          "beforeHooks": [],
          "afterHooks": [],
          "tests": [
            {
              "title": "drag and drop element",
              "fullTitle": "DragandDropItem Test Case drag and drop element",
              "timedOut": null,
              "duration": 3057,
              "state": "passed",
              "speed": "fast",
              "pass": true,
              "fail": false,
              "pending": false,
              "context": null,
              "code": "dragAnddrop.titleVerify();\ndragAnddrop.validatingPageHeader();\ndragAnddrop.validatingText();\ndragAnddrop.clickingDragandDrop();\ndragAnddrop.ValidatingClicked();\ndragAnddrop.ClickingDragItem();\ndragAnddrop.clickDropItem();",
              "err": {},
              "uuid": "6648af93-5044-4d68-8889-eac5a4406566",
              "parentUUID": "56b3b882-39b1-418c-9f29-ce28c1c51527",
              "isHook": false,
              "skipped": false
            }
          ],
          "suites": [],
          "passes": [
            "6648af93-5044-4d68-8889-eac5a4406566"
          ],
          "failures": [],
          "pending": [],
          "skipped": [],
          "duration": 3057,
          "root": false,
          "rootEmpty": false,
          "_timeout": 2000
        }
      ],
      "passes": [],
      "failures": [],
      "pending": [],
      "skipped": [],
      "duration": 0,
      "root": true,
      "rootEmpty": true,
      "_timeout": 2000
    }
  ],
  "meta": {
    "mocha": {
      "version": "7.0.1"
    },
    "mochawesome": {
      "options": {
        "quiet": false,
        "reportFilename": "report",
        "saveHtml": true,
        "saveJson": true,
        "consoleReporter": "spec",
        "useInlineDiffs": false,
        "code": true
      },
      "version": "7.1.3"
    },
    "marge": {
      "options": {
        "reportDir": "cypress/reports",
        "reportFilename": "report",
        "overwrite": false,
        "html": true,
        "json": true,
        "charts": true
      },
      "version": "6.2.0"
    }
  }
}