{
  "stats": {
    "suites": 1,
    "tests": 1,
    "passes": 1,
    "pending": 0,
    "failures": 0,
    "start": "2022-10-12T04:00:05.899Z",
    "end": "2022-10-12T04:00:11.432Z",
    "duration": 5533,
    "testsRegistered": 1,
    "passPercent": 100,
    "pendingPercent": 0,
    "other": 0,
    "hasOther": false,
    "skipped": 0,
    "hasSkipped": false
  },
  "results": [
    {
      "uuid": "0fb4b4d3-6b39-47fc-8b9f-b89fa8edc74b",
      "title": "",
      "fullFile": "cypress/integration/dropdown.spec.cy.js",
      "file": "cypress/integration/dropdown.spec.cy.js",
      "beforeHooks": [],
      "afterHooks": [],
      "tests": [],
      "suites": [
        {
          "uuid": "0866730e-62a4-47f6-a257-fbb0f15257c2",
          "title": "Dropdown test case",
          "fullFile": "",
          "file": "",
          "beforeHooks": [],
          "afterHooks": [],
          "tests": [
            {
              "title": "should select an option from dropdown",
              "fullTitle": "Dropdown test case should select an option from dropdown",
              "timedOut": null,
              "duration": 3171,
              "state": "passed",
              "speed": "fast",
              "pass": true,
              "fail": false,
              "pending": false,
              "context": null,
              "code": "dropdowntest.pagetitleverify();\ndropdowntest.visiblecheck();\ndropdowntest.validatingText();\ndropdowntest.clickingDropdown();\ndropdowntest.pageverify();\ndropdowntest.ClickingDropDownOption();\ndropdowntest.validatingOption();",
              "err": {},
              "uuid": "dcd4f521-bab9-4cab-98fc-e026cc3ed733",
              "parentUUID": "0866730e-62a4-47f6-a257-fbb0f15257c2",
              "isHook": false,
              "skipped": false
            }
          ],
          "suites": [],
          "passes": [
            "dcd4f521-bab9-4cab-98fc-e026cc3ed733"
          ],
          "failures": [],
          "pending": [],
          "skipped": [],
          "duration": 3171,
          "root": false,
          "rootEmpty": false,
          "_timeout": 2000
        }
      ],
      "passes": [],
      "failures": [],
      "pending": [],
      "skipped": [],
      "duration": 0,
      "root": true,
      "rootEmpty": true,
      "_timeout": 2000
    }
  ],
  "meta": {
    "mocha": {
      "version": "7.0.1"
    },
    "mochawesome": {
      "options": {
        "quiet": false,
        "reportFilename": "report",
        "saveHtml": true,
        "saveJson": true,
        "consoleReporter": "spec",
        "useInlineDiffs": false,
        "code": true
      },
      "version": "7.1.3"
    },
    "marge": {
      "options": {
        "reportDir": "cypress/reports",
        "reportFilename": "report",
        "overwrite": false,
        "html": true,
        "json": true,
        "charts": true
      },
      "version": "6.2.0"
    }
  }
}