{
  "stats": {
    "suites": 1,
    "tests": 1,
    "passes": 1,
    "pending": 0,
    "failures": 0,
    "start": "2022-10-12T03:59:28.288Z",
    "end": "2022-10-12T03:59:36.451Z",
    "duration": 8163,
    "testsRegistered": 1,
    "passPercent": 100,
    "pendingPercent": 0,
    "other": 0,
    "hasOther": false,
    "skipped": 0,
    "hasSkipped": false
  },
  "results": [
    {
      "uuid": "ab34d559-15e5-430e-8bd5-d5946c6520a3",
      "title": "",
      "fullFile": "cypress/integration/contextmenu.spec.cy.js",
      "file": "cypress/integration/contextmenu.spec.cy.js",
      "beforeHooks": [],
      "afterHooks": [],
      "tests": [],
      "suites": [
        {
          "uuid": "31e53296-431d-4e9c-810e-ce64abe95485",
          "title": "ContextMenu Test Case",
          "fullFile": "",
          "file": "",
          "beforeHooks": [],
          "afterHooks": [],
          "tests": [
            {
              "title": "should open the contextmenu",
              "fullTitle": "ContextMenu Test Case should open the contextmenu",
              "timedOut": null,
              "duration": 5255,
              "state": "passed",
              "speed": "medium",
              "pass": true,
              "fail": false,
              "pending": false,
              "context": null,
              "code": "contextmenutest.pagetitleverify();\ncontextmenutest.visiblecheck();\ncontextmenutest.validatingText();\ncontextmenutest.clickingContextMenu();\ncontextmenutest.pageverify();\ncontextmenutest.Clickingcontext_menu();",
              "err": {},
              "uuid": "9b1af9dd-579e-4f9f-972d-d203ae807a48",
              "parentUUID": "31e53296-431d-4e9c-810e-ce64abe95485",
              "isHook": false,
              "skipped": false
            }
          ],
          "suites": [],
          "passes": [
            "9b1af9dd-579e-4f9f-972d-d203ae807a48"
          ],
          "failures": [],
          "pending": [],
          "skipped": [],
          "duration": 5255,
          "root": false,
          "rootEmpty": false,
          "_timeout": 2000
        }
      ],
      "passes": [],
      "failures": [],
      "pending": [],
      "skipped": [],
      "duration": 0,
      "root": true,
      "rootEmpty": true,
      "_timeout": 2000
    }
  ],
  "meta": {
    "mocha": {
      "version": "7.0.1"
    },
    "mochawesome": {
      "options": {
        "quiet": false,
        "reportFilename": "report",
        "saveHtml": true,
        "saveJson": true,
        "consoleReporter": "spec",
        "useInlineDiffs": false,
        "code": true
      },
      "version": "7.1.3"
    },
    "marge": {
      "options": {
        "reportDir": "cypress/reports",
        "reportFilename": "report",
        "overwrite": false,
        "html": true,
        "json": true,
        "charts": true
      },
      "version": "6.2.0"
    }
  }
}