{
  "stats": {
    "suites": 1,
    "tests": 1,
    "passes": 1,
    "pending": 0,
    "failures": 0,
    "start": "2022-10-12T04:00:22.962Z",
    "end": "2022-10-12T04:00:36.043Z",
    "duration": 13081,
    "testsRegistered": 1,
    "passPercent": 100,
    "pendingPercent": 0,
    "other": 0,
    "hasOther": false,
    "skipped": 0,
    "hasSkipped": false
  },
  "results": [
    {
      "uuid": "b5bee1e9-59da-402c-8b1e-6a3eabf72980",
      "title": "",
      "fullFile": "cypress/integration/iframe.spec.cy.js",
      "file": "cypress/integration/iframe.spec.cy.js",
      "beforeHooks": [],
      "afterHooks": [],
      "tests": [],
      "suites": [
        {
          "uuid": "0dc074dd-3902-4cb2-91fe-9a052e8a5407",
          "title": "Iframe Test Case",
          "fullFile": "",
          "file": "",
          "beforeHooks": [],
          "afterHooks": [],
          "tests": [
            {
              "title": "Iframe test Case",
              "fullTitle": "Iframe Test Case Iframe test Case",
              "timedOut": null,
              "duration": 10131,
              "state": "passed",
              "speed": "slow",
              "pass": true,
              "fail": false,
              "pending": false,
              "context": null,
              "code": "iFramestest.Checklength();\niFramestest.ValidatePageHeader();\niFramestest.ClickingFrame();\niFramestest.ValidateFrameBtnClicked();\niFramestest.VisibleFrameBtn();\niFramestest.ClickingIframe();\niFramestest.ValidateIframeClicked();\niFramestest.ClickingFrameBody();\niFramestest.ClickingBold();\niFramestest.validatingBold();\niFramestest.ClickingItalic();\niFramestest.validatingItalic();\niFramestest.ClickingAllingment();\niFramestest.validatingAllignment();",
              "err": {},
              "uuid": "1422001a-4b57-43d9-be1d-4b2bb121f8c3",
              "parentUUID": "0dc074dd-3902-4cb2-91fe-9a052e8a5407",
              "isHook": false,
              "skipped": false
            }
          ],
          "suites": [],
          "passes": [
            "1422001a-4b57-43d9-be1d-4b2bb121f8c3"
          ],
          "failures": [],
          "pending": [],
          "skipped": [],
          "duration": 10131,
          "root": false,
          "rootEmpty": false,
          "_timeout": 2000
        }
      ],
      "passes": [],
      "failures": [],
      "pending": [],
      "skipped": [],
      "duration": 0,
      "root": true,
      "rootEmpty": true,
      "_timeout": 2000
    }
  ],
  "meta": {
    "mocha": {
      "version": "7.0.1"
    },
    "mochawesome": {
      "options": {
        "quiet": false,
        "reportFilename": "report",
        "saveHtml": true,
        "saveJson": true,
        "consoleReporter": "spec",
        "useInlineDiffs": false,
        "code": true
      },
      "version": "7.1.3"
    },
    "marge": {
      "options": {
        "reportDir": "cypress/reports",
        "reportFilename": "report",
        "overwrite": false,
        "html": true,
        "json": true,
        "charts": true
      },
      "version": "6.2.0"
    }
  }
}